info: Download starting. {"0":{"rss":74924032,"heapTotal":31813632,"heapUsed":27882832,"external":1554960},"1":[0,13362860],"timestamp":"2022-02-08T09:38:09.543Z"}
info: Response accepted. {"0":"http://www.maskbillionaireclub.top/","1":200,"2":"text/html","3":{"rss":74924032,"heapTotal":31948800,"heapUsed":29794552,"external":1664684},"4":[1,493193728],"timestamp":"2022-02-08T09:38:11.022Z"}
info: Response accepted. {"0":"http://www.maskbillionaireclub.top/images/texture.jpg","1":200,"2":"image/jpeg","3":{"rss":75603968,"heapTotal":36896768,"heapUsed":31850256,"external":1759135},"4":[3,65409350],"timestamp":"2022-02-08T09:38:12.595Z"}
info: Response accepted. {"0":"http://www.maskbillionaireclub.top/images/istockphoto-938050474-170667a.jpeg","1":200,"2":"image/jpeg","3":{"rss":75767808,"heapTotal":36896768,"heapUsed":31992216,"external":1777093},"4":[3,141024466],"timestamp":"2022-02-08T09:38:12.670Z"}
info: Response accepted. {"0":"https://www.facebook.com/tr?id=1224903677916125&ev=PageView&noscript=1","1":200,"2":"image/gif","3":{"rss":77160448,"heapTotal":42401792,"heapUsed":32783880,"external":1519493},"4":[4,127018136],"timestamp":"2022-02-08T09:38:13.656Z"}
info: Response accepted. {"0":"http://www.maskbillionaireclub.top/images/masque.svg","1":200,"2":"image/svg+xml","3":{"rss":77160448,"heapTotal":42401792,"heapUsed":32900016,"external":1545306},"4":[4,335942198],"timestamp":"2022-02-08T09:38:13.865Z"}
info: Response accepted. {"0":"http://www.maskbillionaireclub.top/images/logo-or.png","1":200,"2":"image/png","3":{"rss":77160448,"heapTotal":42401792,"heapUsed":32976632,"external":1572896},"4":[4,343106371],"timestamp":"2022-02-08T09:38:13.872Z"}
info: Response accepted. {"0":"http://www.maskbillionaireclub.top/images/montre_1.svg","1":200,"2":"image/svg+xml","3":{"rss":77160448,"heapTotal":42401792,"heapUsed":33096360,"external":1622395},"4":[4,351611388],"timestamp":"2022-02-08T09:38:13.881Z"}
info: Response accepted. {"0":"http://www.maskbillionaireclub.top/images/argent.svg","1":200,"2":"image/svg+xml","3":{"rss":77160448,"heapTotal":42401792,"heapUsed":33111016,"external":1622395},"4":[4,352386456],"timestamp":"2022-02-08T09:38:13.882Z"}
info: Response accepted. {"0":"http://www.maskbillionaireclub.top/images/social-networks.svg","1":200,"2":"image/svg+xml","3":{"rss":77160448,"heapTotal":42401792,"heapUsed":33126112,"external":1622395},"4":[4,352947296],"timestamp":"2022-02-08T09:38:13.882Z"}
info: Response accepted. {"0":"http://www.maskbillionaireclub.top/images/ethereum.svg","1":200,"2":"image/svg+xml","3":{"rss":77160448,"heapTotal":42401792,"heapUsed":33316288,"external":1655084},"4":[4,433745418],"timestamp":"2022-02-08T09:38:13.963Z"}
info: Response accepted. {"0":"http://www.maskbillionaireclub.top/images/martini.svg","1":200,"2":"image/svg+xml","3":{"rss":77160448,"heapTotal":42401792,"heapUsed":33366088,"external":1674356},"4":[4,437871012],"timestamp":"2022-02-08T09:38:13.967Z"}
info: Response accepted. {"0":"http://www.maskbillionaireclub.top/images/occulus.svg","1":200,"2":"image/svg+xml","3":{"rss":77160448,"heapTotal":42401792,"heapUsed":33412160,"external":1674363},"4":[4,442619675],"timestamp":"2022-02-08T09:38:13.972Z"}
info: Response accepted. {"0":"http://www.maskbillionaireclub.top/images/fusee.svg","1":200,"2":"image/svg+xml","3":{"rss":77160448,"heapTotal":42401792,"heapUsed":33455424,"external":1674363},"4":[4,444237990],"timestamp":"2022-02-08T09:38:13.973Z"}
info: Response accepted. {"0":"http://www.maskbillionaireclub.top/images/VIP.svg","1":200,"2":"image/svg+xml","3":{"rss":77160448,"heapTotal":42401792,"heapUsed":33545240,"external":1691947},"4":[4,449985342],"timestamp":"2022-02-08T09:38:13.979Z"}
info: Response accepted. {"0":"http://www.maskbillionaireclub.top/images/Petit-cercle-1.png","1":200,"2":"image/png","3":{"rss":77160448,"heapTotal":42401792,"heapUsed":33673848,"external":1740916},"4":[4,467739578],"timestamp":"2022-02-08T09:38:13.997Z"}
info: Response accepted. {"0":"http://www.maskbillionaireclub.top/images/mask-white.png","1":200,"2":"image/png","3":{"rss":77160448,"heapTotal":42401792,"heapUsed":33749816,"external":1749596},"4":[4,470573075],"timestamp":"2022-02-08T09:38:14.000Z"}
info: Response accepted. {"0":"http://www.maskbillionaireclub.top/images/Petit-cercle-2.png","1":200,"2":"image/png","3":{"rss":77389824,"heapTotal":42401792,"heapUsed":34164672,"external":1955348},"4":[4,564323331],"timestamp":"2022-02-08T09:38:14.094Z"}
info: Response accepted. {"0":"http://www.maskbillionaireclub.top/images/transition.png","1":200,"2":"image/png","3":{"rss":77389824,"heapTotal":42401792,"heapUsed":34191616,"external":1956781},"4":[4,566152025],"timestamp":"2022-02-08T09:38:14.095Z"}
info: Response accepted. {"0":"http://www.maskbillionaireclub.top/images/Roadmap-1-min.png","1":200,"2":"image/png","3":{"rss":77660160,"heapTotal":42401792,"heapUsed":34589872,"external":2153924},"4":[4,651560487],"timestamp":"2022-02-08T09:38:14.181Z"}
info: Response accepted. {"0":"http://www.maskbillionaireclub.top/images/Roadmap-8-min.png","1":200,"2":"image/png","3":{"rss":77660160,"heapTotal":42401792,"heapUsed":35362328,"external":2628613},"4":[4,753725907],"timestamp":"2022-02-08T09:38:14.283Z"}
info: Response accepted. {"0":"http://www.maskbillionaireclub.top/images/Etoile-1.png","1":200,"2":"image/png","3":{"rss":78712832,"heapTotal":44204032,"heapUsed":35663112,"external":1761995},"4":[5,276274993],"timestamp":"2022-02-08T09:38:14.806Z"}
info: Response accepted. {"0":"http://www.maskbillionaireclub.top/images/Roadmap-7-min.png","1":200,"2":"image/png","3":{"rss":78983168,"heapTotal":44204032,"heapUsed":36047136,"external":2006257},"4":[5,325662505],"timestamp":"2022-02-08T09:38:14.855Z"}
info: Response accepted. {"0":"http://www.maskbillionaireclub.top/images/Roadmap-2-min.png","1":200,"2":"image/png","3":{"rss":79339520,"heapTotal":44441600,"heapUsed":36652616,"external":2343501},"4":[5,334898394],"timestamp":"2022-02-08T09:38:14.864Z"}
info: Response accepted. {"0":"http://www.maskbillionaireclub.top/images/Roadmap-5-min.png","1":200,"2":"image/png","3":{"rss":80146432,"heapTotal":44679168,"heapUsed":37286040,"external":2677109},"4":[5,342912244],"timestamp":"2022-02-08T09:38:14.872Z"}
info: Response accepted. {"0":"http://www.maskbillionaireclub.top/images/Roadmap-6-min.png","1":200,"2":"image/png","3":{"rss":80334848,"heapTotal":44945408,"heapUsed":37773792,"external":2856596},"4":[5,344368808],"timestamp":"2022-02-08T09:38:14.874Z"}
info: Response accepted. {"0":"http://www.maskbillionaireclub.top/images/22.png","1":200,"2":"image/png","3":{"rss":80805888,"heapTotal":44945408,"heapUsed":38104920,"external":3064612},"4":[5,355282372],"timestamp":"2022-02-08T09:38:14.884Z"}
info: Response accepted. {"0":"http://www.maskbillionaireclub.top/images/TAIRY.png","1":200,"2":"image/png","3":{"rss":81072128,"heapTotal":45232128,"heapUsed":38670648,"external":3264316},"4":[5,432173405],"timestamp":"2022-02-08T09:38:14.963Z"}
info: Response accepted. {"0":"http://www.maskbillionaireclub.top/images/Grand-cercle.png","1":200,"2":"image/png","3":{"rss":81342464,"heapTotal":45379584,"heapUsed":38895912,"external":3328605},"4":[5,437544984],"timestamp":"2022-02-08T09:38:14.967Z"}
info: Response accepted. {"0":"http://www.maskbillionaireclub.top/images/Albo.png","1":200,"2":"image/png","3":{"rss":82972672,"heapTotal":47280128,"heapUsed":39635536,"external":2199485},"4":[5,462722226],"timestamp":"2022-02-08T09:38:14.992Z"}
info: Response accepted. {"0":"http://www.maskbillionaireclub.top/images/KILIAN.png","1":200,"2":"image/png","3":{"rss":83034112,"heapTotal":49446912,"heapUsed":37494144,"external":1556038},"4":[5,545007253],"timestamp":"2022-02-08T09:38:15.074Z"}
info: Response accepted. {"0":"http://www.maskbillionaireclub.top/images/Florie.png","1":200,"2":"image/png","3":{"rss":83574784,"heapTotal":49897472,"heapUsed":38071560,"external":1668835},"4":[5,548679550],"timestamp":"2022-02-08T09:38:15.078Z"}
info: Response accepted. {"0":"http://www.maskbillionaireclub.top/images/Roadmap-3-min.png","1":200,"2":"image/png","3":{"rss":83845120,"heapTotal":50208768,"heapUsed":38413800,"external":1686073},"4":[5,552814390],"timestamp":"2022-02-08T09:38:15.082Z"}
info: Response accepted. {"0":"http://www.maskbillionaireclub.top/images/Transition-3-persos.png","1":200,"2":"image/png","3":{"rss":84115456,"heapTotal":50454528,"heapUsed":38724840,"external":1717042},"4":[5,556107856],"timestamp":"2022-02-08T09:38:15.085Z"}
info: Response accepted. {"0":"http://www.maskbillionaireclub.top/images/Roadmap-4-min.png","1":200,"2":"image/png","3":{"rss":84385792,"heapTotal":50786304,"heapUsed":39190256,"external":1836574},"4":[5,557197111],"timestamp":"2022-02-08T09:38:15.086Z"}
info: Response accepted. {"0":"http://www.maskbillionaireclub.top/images/finish.png","1":200,"2":"image/png","3":{"rss":85192704,"heapTotal":51191808,"heapUsed":39845520,"external":2057102},"4":[5,563724578],"timestamp":"2022-02-08T09:38:15.093Z"}
info: Response accepted. {"0":"http://www.maskbillionaireclub.top/images/JEJE.png","1":200,"2":"image/png","3":{"rss":86003712,"heapTotal":51499008,"heapUsed":40291728,"external":2159488},"4":[5,629779018],"timestamp":"2022-02-08T09:38:15.159Z"}
info: Response accepted. {"0":"http://www.maskbillionaireclub.top/images/fin.png","1":200,"2":"image/png","3":{"rss":86372352,"heapTotal":51961856,"heapUsed":41038416,"external":2418787},"4":[5,638818900],"timestamp":"2022-02-08T09:38:15.168Z"}
info: Response accepted. {"0":"http://www.maskbillionaireclub.top/images/MELISSA.png","1":200,"2":"image/png","3":{"rss":86908928,"heapTotal":52338688,"heapUsed":41604832,"external":2593591},"4":[5,642658729],"timestamp":"2022-02-08T09:38:15.172Z"}
info: Response accepted. {"0":"http://www.maskbillionaireclub.top/images/JULIEN.png","1":200,"2":"image/png","3":{"rss":87171072,"heapTotal":52678656,"heapUsed":42312352,"external":2664999},"4":[5,663665540],"timestamp":"2022-02-08T09:38:15.193Z"}
info: Response accepted. {"0":"http://www.maskbillionaireclub.top/images/anonymous-min.png","1":200,"2":"image/png","3":{"rss":87080960,"heapTotal":53125120,"heapUsed":42918512,"external":2809940},"4":[5,665130564],"timestamp":"2022-02-08T09:38:15.194Z"}
info: Response accepted. {"0":"http://www.maskbillionaireclub.top/images/gifius.gif","1":200,"2":"image/gif","3":{"rss":94638080,"heapTotal":58601472,"heapUsed":48169400,"external":1642367},"4":[6,132427892],"timestamp":"2022-02-08T09:38:15.662Z"}
info: Response accepted. {"0":"http://www.maskbillionaireclub.top/images/Roadmap-1-min-p-500.png","1":200,"2":"image/png","3":{"rss":89018368,"heapTotal":54145024,"heapUsed":41012664,"external":1482906},"4":[7,366615799],"timestamp":"2022-02-08T09:38:16.896Z"}
info: Response accepted. {"0":"http://www.maskbillionaireclub.top/images/Roadmap-8-min-p-1080.png","1":200,"2":"image/png","3":{"rss":88858624,"heapTotal":54145024,"heapUsed":41262496,"external":1606457},"4":[7,456804135],"timestamp":"2022-02-08T09:38:16.986Z"}
info: Response accepted. {"0":"http://www.maskbillionaireclub.top/images/Roadmap-7-min-p-500.png","1":200,"2":"image/png","3":{"rss":88858624,"heapTotal":54145024,"heapUsed":41327216,"external":1619370},"4":[7,466904153],"timestamp":"2022-02-08T09:38:16.996Z"}
info: Response accepted. {"0":"http://www.maskbillionaireclub.top/images/Roadmap-8-min-p-800.png","1":200,"2":"image/png","3":{"rss":88858624,"heapTotal":54145024,"heapUsed":41467280,"external":1683690},"4":[7,473739787],"timestamp":"2022-02-08T09:38:17.003Z"}
info: Response accepted. {"0":"http://www.maskbillionaireclub.top/images/Roadmap-8-min-p-500.png","1":200,"2":"image/png","3":{"rss":88858624,"heapTotal":54145024,"heapUsed":41496256,"external":1688665},"4":[7,474676186],"timestamp":"2022-02-08T09:38:17.004Z"}
info: Response accepted. {"0":"http://www.maskbillionaireclub.top/images/Roadmap-3-min-p-500.png","1":200,"2":"image/png","3":{"rss":88858624,"heapTotal":54145024,"heapUsed":41648936,"external":1724881},"4":[7,543006473],"timestamp":"2022-02-08T09:38:17.072Z"}
info: Response accepted. {"0":"http://www.maskbillionaireclub.top/images/Roadmap-1-min-p-1080.png","1":200,"2":"image/png","3":{"rss":89124864,"heapTotal":54145024,"heapUsed":41740192,"external":1747955},"4":[7,549287773],"timestamp":"2022-02-08T09:38:17.079Z"}
info: Response accepted. {"0":"http://www.maskbillionaireclub.top/images/Roadmap-2-min-p-500.png","1":200,"2":"image/png","3":{"rss":89124864,"heapTotal":54145024,"heapUsed":41822888,"external":1758110},"4":[7,597686277],"timestamp":"2022-02-08T09:38:17.127Z"}
info: Response accepted. {"0":"http://www.maskbillionaireclub.top/images/Roadmap-4-min-p-500.png","1":200,"2":"image/png","3":{"rss":89124864,"heapTotal":54145024,"heapUsed":41918272,"external":1775409},"4":[7,602215114],"timestamp":"2022-02-08T09:38:17.131Z"}
info: Response accepted. {"0":"http://www.maskbillionaireclub.top/images/Roadmap-1-min-p-800.png","1":200,"2":"image/png","3":{"rss":89124864,"heapTotal":54145024,"heapUsed":42048664,"external":1832057},"4":[7,609096240],"timestamp":"2022-02-08T09:38:17.138Z"}
info: Response accepted. {"0":"http://www.maskbillionaireclub.top/images/Roadmap-7-min-p-1080.png","1":200,"2":"image/png","3":{"rss":89124864,"heapTotal":54145024,"heapUsed":42230048,"external":1913772},"4":[7,633646420],"timestamp":"2022-02-08T09:38:17.163Z"}
info: Response accepted. {"0":"http://www.maskbillionaireclub.top/images/Roadmap-7-min-p-800.png","1":200,"2":"image/png","3":{"rss":89124864,"heapTotal":54145024,"heapUsed":42342984,"external":1954183},"4":[7,652718984],"timestamp":"2022-02-08T09:38:17.182Z"}
info: Response accepted. {"0":"http://www.maskbillionaireclub.top/images/Roadmap-5-min-p-500.png","1":200,"2":"image/png","3":{"rss":89124864,"heapTotal":54145024,"heapUsed":42386376,"external":1962430},"4":[7,653584274],"timestamp":"2022-02-08T09:38:17.183Z"}
info: Response accepted. {"0":"http://www.maskbillionaireclub.top/images/Roadmap-6-min-p-500.png","1":200,"2":"image/png","3":{"rss":89124864,"heapTotal":54145024,"heapUsed":42491032,"external":1973324},"4":[7,658063001],"timestamp":"2022-02-08T09:38:17.187Z"}
info: Response accepted. {"0":"http://www.maskbillionaireclub.top/images/Roadmap-2-min-p-800.png","1":200,"2":"image/png","3":{"rss":89124864,"heapTotal":54145024,"heapUsed":42604592,"external":1984193},"4":[7,724344391],"timestamp":"2022-02-08T09:38:17.254Z"}
info: Response accepted. {"0":"http://www.maskbillionaireclub.top/images/Roadmap-3-min-p-800.png","1":200,"2":"image/png","3":{"rss":89395200,"heapTotal":54145024,"heapUsed":42759752,"external":2021079},"4":[7,789396297],"timestamp":"2022-02-08T09:38:17.319Z"}
info: Response accepted. {"0":"http://www.maskbillionaireclub.top/images/Roadmap-4-min-p-800.png","1":200,"2":"image/png","3":{"rss":89395200,"heapTotal":54145024,"heapUsed":42856488,"external":2038917},"4":[7,790142797],"timestamp":"2022-02-08T09:38:17.319Z"}
info: Response accepted. {"0":"http://www.maskbillionaireclub.top/images/Roadmap-5-min-p-800.png","1":200,"2":"image/png","3":{"rss":89124864,"heapTotal":54145024,"heapUsed":40199192,"external":1436071},"4":[7,804292390],"timestamp":"2022-02-08T09:38:17.333Z"}
info: Response accepted. {"0":"http://www.maskbillionaireclub.top/images/Roadmap-6-min-p-800.png","1":200,"2":"image/png","3":{"rss":89124864,"heapTotal":54145024,"heapUsed":40332336,"external":1452869},"4":[7,816793917],"timestamp":"2022-02-08T09:38:17.346Z"}
info: Response accepted. {"0":"http://www.maskbillionaireclub.top/images/Roadmap-7-min-p-1600.png","1":200,"2":"image/png","3":{"rss":89108480,"heapTotal":54145024,"heapUsed":40505296,"external":1493333},"4":[7,835660736],"timestamp":"2022-02-08T09:38:17.365Z"}
info: Response accepted. {"0":"http://www.maskbillionaireclub.top/images/5good.png","1":200,"2":"image/png","3":{"rss":89243648,"heapTotal":54145024,"heapUsed":41900896,"external":1619559},"4":[8,693811999],"timestamp":"2022-02-08T09:38:18.223Z"}
info: Response accepted. {"0":"http://www.maskbillionaireclub.top/images/4good.png","1":200,"2":"image/png","3":{"rss":89243648,"heapTotal":54145024,"heapUsed":42044544,"external":1647473},"4":[8,705042491],"timestamp":"2022-02-08T09:38:18.234Z"}
info: Response accepted. {"0":"http://www.maskbillionaireclub.top/images/3good.png","1":200,"2":"image/png","3":{"rss":89243648,"heapTotal":54145024,"heapUsed":42171200,"external":1667231},"4":[8,720763914],"timestamp":"2022-02-08T09:38:18.250Z"}
info: Response accepted. {"0":"http://www.maskbillionaireclub.top/images/Interrogation.png","1":200,"2":"image/png","3":{"rss":89243648,"heapTotal":54145024,"heapUsed":42303464,"external":1691853},"4":[8,733591518],"timestamp":"2022-02-08T09:38:18.263Z"}
info: Response accepted. {"0":"https://player.vimeo.com/api/player.js","1":200,"2":"application/javascript;charset=utf-8","3":{"rss":89767936,"heapTotal":54145024,"heapUsed":44991320,"external":1800302},"4":[9,308410340],"timestamp":"2022-02-08T09:38:18.838Z"}
info: Response accepted. {"0":"https://code.jquery.com/jquery-1.11.0.min.js","1":200,"2":"application/javascript; charset=utf-8","3":{"rss":89767936,"heapTotal":54145024,"heapUsed":41636512,"external":1585470},"4":[9,329584310],"timestamp":"2022-02-08T09:38:18.859Z"}
info: Response accepted. {"0":"https://code.jquery.com/jquery-migrate-1.2.1.min.js","1":200,"2":"application/javascript; charset=utf-8","3":{"rss":89767936,"heapTotal":54145024,"heapUsed":41737192,"external":1658610},"4":[9,358904609],"timestamp":"2022-02-08T09:38:18.888Z"}
info: Response accepted. {"0":"https://cdnjs.cloudflare.com/ajax/libs/OwlCarousel2/2.3.4/owl.carousel.min.js","1":200,"2":"application/javascript; charset=utf-8","3":{"rss":89767936,"heapTotal":54145024,"heapUsed":41848128,"external":1698596},"4":[9,367048261],"timestamp":"2022-02-08T09:38:18.896Z"}
info: Response accepted. {"0":"https://cpwebassets.codepen.io/assets/common/stopExecutionOnTimeout-1b93190375e9ccc259df3a57c1abc0e64599724ae30d7ea4c6877eb615f89387.js","1":200,"2":"application/javascript; charset=utf-8","3":{"rss":89767936,"heapTotal":54145024,"heapUsed":42627888,"external":1863622},"4":[9,467364959],"timestamp":"2022-02-08T09:38:18.997Z"}
info: Response accepted. {"0":"http://www.maskbillionaireclub.top/sender.js","1":200,"2":"application/javascript","3":{"rss":89767936,"heapTotal":54145024,"heapUsed":43117504,"external":2288522},"4":[9,519538492],"timestamp":"2022-02-08T09:38:19.049Z"}
info: Response accepted. {"0":"https://unpkg.com/scrollreveal@4.0.9/dist/scrollreveal.js","1":200,"2":"application/javascript; charset=utf-8","3":{"rss":90001408,"heapTotal":54145024,"heapUsed":43745368,"external":2928593},"4":[9,619130167],"timestamp":"2022-02-08T09:38:19.148Z"}
info: Response accepted. {"0":"https://d3e54v103j8qbb.cloudfront.net/js/jquery-3.5.1.min.dc5e7f18c8.js?site=61ce11e7bdaf701badce95da","1":200,"2":"application/javascript","3":{"rss":90001408,"heapTotal":54145024,"heapUsed":43904928,"external":2999052},"4":[9,639878656],"timestamp":"2022-02-08T09:38:19.169Z"}
info: Response accepted. {"0":"http://www.maskbillionaireclub.top/js/scripts.js","1":200,"2":"application/javascript","3":{"rss":90267648,"heapTotal":54145024,"heapUsed":44086512,"external":3115357},"4":[9,655766204],"timestamp":"2022-02-08T09:38:19.185Z"}
info: Response accepted. {"0":"https://cdn.ethers.io/lib/ethers-5.1.umd.min.js","1":200,"2":"application/javascript; charset=utf-8","3":{"rss":91078656,"heapTotal":54874112,"heapUsed":45484864,"external":3712349},"4":[9,710826715],"timestamp":"2022-02-08T09:38:19.240Z"}
info: Response accepted. {"0":"https://www.googletagmanager.com/gtag/js?id=G-VERQEJKP6V","1":200,"2":"application/javascript; charset=UTF-8","3":{"rss":91619328,"heapTotal":55046144,"heapUsed":45191576,"external":2208888},"4":[9,795645268],"timestamp":"2022-02-08T09:38:19.325Z"}
info: Response accepted. {"0":"https://unpkg.com/web3@1.2.11/dist/web3.min.js","1":200,"2":"application/javascript; charset=utf-8","3":{"rss":92696576,"heapTotal":56213504,"heapUsed":46773800,"external":2603374},"4":[9,850724017],"timestamp":"2022-02-08T09:38:19.380Z"}
info: Response accepted. {"0":"http://www.maskbillionaireclub.top/js/webflow.js","1":200,"2":"application/javascript","3":{"rss":92966912,"heapTotal":56598528,"heapUsed":47501408,"external":2983344},"4":[9,894846753],"timestamp":"2022-02-08T09:38:19.424Z"}
info: Response accepted. {"0":"http://www.maskbillionaireclub.top/onboard-dist/main.js","1":200,"2":"application/javascript","3":{"rss":97619968,"heapTotal":60932096,"heapUsed":53178256,"external":4735595},"4":[10,610508342],"timestamp":"2022-02-08T09:38:20.140Z"}
info: Response accepted. {"0":"https://cdnjs.cloudflare.com/ajax/libs/OwlCarousel2/2.3.4/assets/owl.carousel.min.css","1":200,"2":"text/css; charset=utf-8","3":{"rss":100929536,"heapTotal":64602112,"heapUsed":54162416,"external":1748456},"4":[10,744045550],"timestamp":"2022-02-08T09:38:20.273Z"}
info: Response accepted. {"0":"https://cdnjs.cloudflare.com/ajax/libs/font-awesome/4.7.0/css/font-awesome.min.css","1":200,"2":"text/css; charset=utf-8","3":{"rss":100929536,"heapTotal":64602112,"heapUsed":54266808,"external":1764840},"4":[10,754811552],"timestamp":"2022-02-08T09:38:20.284Z"}
info: Response accepted. {"0":"https://pro.fontawesome.com/releases/v5.10.0/css/all.css","1":200,"2":"text/css","3":{"rss":100470784,"heapTotal":64761856,"heapUsed":54696144,"external":1963144},"4":[10,847915133],"timestamp":"2022-02-08T09:38:20.377Z"}
info: Response accepted. {"0":"http://www.maskbillionaireclub.top/css/normalize.css","1":200,"2":"text/css","3":{"rss":100470784,"heapTotal":64761856,"heapUsed":54759976,"external":1982551},"4":[11,69760602],"timestamp":"2022-02-08T09:38:20.599Z"}
info: Response accepted. {"0":"http://www.maskbillionaireclub.top/css/webflow.css","1":200,"2":"text/css","3":{"rss":100360192,"heapTotal":64761856,"heapUsed":54969832,"external":2114302},"4":[11,94644502],"timestamp":"2022-02-08T09:38:20.624Z"}
info: Response accepted. {"0":"http://www.maskbillionaireclub.top/css/mask-billionaire-club.webflow.css","1":200,"2":"text/css","3":{"rss":100360192,"heapTotal":64761856,"heapUsed":55071472,"external":2114302},"4":[11,98622303],"timestamp":"2022-02-08T09:38:20.628Z"}
info: Response accepted. {"0":"http://www.maskbillionaireclub.top/images/Flavicon.png","1":200,"2":"image/png","3":{"rss":100360192,"heapTotal":64761856,"heapUsed":55761456,"external":2115168},"4":[11,482141657],"timestamp":"2022-02-08T09:38:21.011Z"}
info: Response accepted. {"0":"http://www.maskbillionaireclub.top/images/2.png","1":200,"2":"image/png","3":{"rss":100716544,"heapTotal":65118208,"heapUsed":57310368,"external":2469117},"4":[12,823881421],"timestamp":"2022-02-08T09:38:22.353Z"}
info: Response rejected. {"0":"https://vimeo.com/","1":403,"2":"text/html","3":{"rss":95834112,"heapTotal":61186048,"heapUsed":47551008,"external":1454640},"4":[13,564447251],"timestamp":"2022-02-08T09:38:23.094Z"}
info: Response rejected. {"0":"https://metamask.io/","1":200,"2":"text/html; charset=utf-8","3":{"rss":95834112,"heapTotal":61186048,"heapUsed":48983288,"external":1598892},"4":[13,679551401],"timestamp":"2022-02-08T09:38:23.209Z"}
info: Response rejected. {"0":"https://www.binance.com/en","1":200,"2":"text/html; charset=utf-8","3":{"rss":96010240,"heapTotal":61407232,"heapUsed":50245448,"external":1889427},"4":[14,185230083],"timestamp":"2022-02-08T09:38:23.714Z"}
info: Saving resource. {"0":"http://www.maskbillionaireclub.top/","1":"html","2":{"rss":96010240,"heapTotal":61407232,"heapUsed":47291592,"external":1479749},"3":[14,194819772],"timestamp":"2022-02-08T09:38:23.724Z"}
info: File list updated. {"0":"offline","1":"allpages","2":false,"3":{"rss":101289984,"heapTotal":64823296,"heapUsed":57597216,"external":2074675},"4":[35,752015320],"timestamp":"2022-02-08T09:38:45.281Z"}
info: Zip created. {"0":"offline","1":"allpages","2":false,"3":{"rss":100835328,"heapTotal":64823296,"heapUsed":57696984,"external":2091269},"4":[35,779816226],"timestamp":"2022-02-08T09:38:45.309Z"}
info: Saving resource. {"0":"http://www.maskbillionaireclub.top/images/texture.jpg","2":{"rss":100835328,"heapTotal":65085440,"heapUsed":58046272,"external":2165035},"3":[36,72825946],"timestamp":"2022-02-08T09:38:45.602Z"}
info: Saving resource. {"0":"http://www.maskbillionaireclub.top/images/istockphoto-938050474-170667a.jpeg","2":{"rss":101404672,"heapTotal":65347584,"heapUsed":54934744,"external":1851678},"3":[36,442039953],"timestamp":"2022-02-08T09:38:45.971Z"}
info: Saving resource. {"0":"https://www.facebook.com/tr?id=1224903677916125&ev=PageView&noscript=1","2":{"rss":101404672,"heapTotal":65347584,"heapUsed":55377560,"external":2001406},"3":[36,701145257],"timestamp":"2022-02-08T09:38:46.230Z"}
info: Saving resource. {"0":"http://www.maskbillionaireclub.top/images/masque.svg","2":{"rss":101404672,"heapTotal":65347584,"heapUsed":55817408,"external":2017387},"3":[36,919622628],"timestamp":"2022-02-08T09:38:46.449Z"}
info: Saving resource. {"0":"http://www.maskbillionaireclub.top/images/logo-or.png","2":{"rss":101011456,"heapTotal":65347584,"heapUsed":56250872,"external":2041506},"3":[37,179182190],"timestamp":"2022-02-08T09:38:46.708Z"}
info: Saving resource. {"0":"http://www.maskbillionaireclub.top/images/montre_1.svg","2":{"rss":101085184,"heapTotal":65347584,"heapUsed":56683368,"external":2066706},"3":[37,514518256],"timestamp":"2022-02-08T09:38:47.044Z"}
info: Saving resource. {"0":"http://www.maskbillionaireclub.top/images/argent.svg","2":{"rss":101834752,"heapTotal":65347584,"heapUsed":57126816,"external":2090916},"3":[37,867106796],"timestamp":"2022-02-08T09:38:47.396Z"}
info: Saving resource. {"0":"http://www.maskbillionaireclub.top/images/social-networks.svg","2":{"rss":101834752,"heapTotal":65347584,"heapUsed":57557808,"external":2106929},"3":[38,96656342],"timestamp":"2022-02-08T09:38:47.626Z"}
info: Saving resource. {"0":"http://www.maskbillionaireclub.top/images/ethereum.svg","2":{"rss":101834752,"heapTotal":65347584,"heapUsed":57988360,"external":2131164},"3":[38,308727784],"timestamp":"2022-02-08T09:38:47.838Z"}
info: Saving resource. {"0":"http://www.maskbillionaireclub.top/images/martini.svg","2":{"rss":102100992,"heapTotal":66396160,"heapUsed":55215632,"external":1647361},"3":[38,558521380],"timestamp":"2022-02-08T09:38:48.088Z"}
info: Saving resource. {"0":"http://www.maskbillionaireclub.top/images/occulus.svg","2":{"rss":102100992,"heapTotal":66396160,"heapUsed":55645296,"external":1663378},"3":[38,801573983],"timestamp":"2022-02-08T09:38:48.331Z"}
info: Saving resource. {"0":"http://www.maskbillionaireclub.top/images/fusee.svg","2":{"rss":102100992,"heapTotal":66396160,"heapUsed":56074504,"external":1687584},"3":[39,7549862],"timestamp":"2022-02-08T09:38:48.537Z"}
info: Saving resource. {"0":"http://www.maskbillionaireclub.top/images/VIP.svg","2":{"rss":102371328,"heapTotal":66396160,"heapUsed":56502240,"external":1703590},"3":[39,253958602],"timestamp":"2022-02-08T09:38:48.783Z"}
info: Saving resource. {"0":"http://www.maskbillionaireclub.top/images/Petit-cercle-1.png","2":{"rss":103518208,"heapTotal":66396160,"heapUsed":56939552,"external":1727774},"3":[39,597915259],"timestamp":"2022-02-08T09:38:49.127Z"}
info: Saving resource. {"0":"http://www.maskbillionaireclub.top/images/mask-white.png","2":{"rss":104325120,"heapTotal":66396160,"heapUsed":57365672,"external":1750201},"3":[39,820435003],"timestamp":"2022-02-08T09:38:49.350Z"}
info: Saving resource. {"0":"http://www.maskbillionaireclub.top/images/Petit-cercle-2.png","2":{"rss":104325120,"heapTotal":66396160,"heapUsed":57779024,"external":1782809},"3":[40,95046214],"timestamp":"2022-02-08T09:38:49.624Z"}
info: Saving resource. {"0":"http://www.maskbillionaireclub.top/images/transition.png","2":{"rss":104325120,"heapTotal":66396160,"heapUsed":58191400,"external":1807097},"3":[40,389579286],"timestamp":"2022-02-08T09:38:49.919Z"}
info: Saving resource. {"0":"http://www.maskbillionaireclub.top/images/Roadmap-1-min.png","2":{"rss":104325120,"heapTotal":66396160,"heapUsed":58607256,"external":1831332},"3":[40,605659007],"timestamp":"2022-02-08T09:38:50.135Z"}
info: Saving resource. {"0":"http://www.maskbillionaireclub.top/images/Roadmap-8-min.png","2":{"rss":104853504,"heapTotal":66396160,"heapUsed":55735360,"external":1640461},"3":[40,819753716],"timestamp":"2022-02-08T09:38:50.349Z"}
info: Saving resource. {"0":"http://www.maskbillionaireclub.top/images/Etoile-1.png","2":{"rss":104853504,"heapTotal":66396160,"heapUsed":56144504,"external":1674710},"3":[41,75474399],"timestamp":"2022-02-08T09:38:50.605Z"}
info: Saving resource. {"0":"http://www.maskbillionaireclub.top/images/Roadmap-7-min.png","2":{"rss":105664512,"heapTotal":66396160,"heapUsed":56567496,"external":2186638},"3":[41,323676279],"timestamp":"2022-02-08T09:38:50.853Z"}
info: Saving resource. {"0":"http://www.maskbillionaireclub.top/images/Roadmap-2-min.png","2":{"rss":105934848,"heapTotal":66396160,"heapUsed":56979512,"external":2374188},"3":[41,621510001],"timestamp":"2022-02-08T09:38:51.151Z"}
info: Saving resource. {"0":"http://www.maskbillionaireclub.top/images/Roadmap-5-min.png","2":{"rss":106471424,"heapTotal":66396160,"heapUsed":57402984,"external":2889359},"3":[41,886316382],"timestamp":"2022-02-08T09:38:51.416Z"}
info: Saving resource. {"0":"http://www.maskbillionaireclub.top/images/Roadmap-6-min.png","2":{"rss":107012096,"heapTotal":66396160,"heapUsed":57825208,"external":3409086},"3":[42,99755041],"timestamp":"2022-02-08T09:38:51.629Z"}
info: Saving resource. {"0":"http://www.maskbillionaireclub.top/images/22.png","2":{"rss":107552768,"heapTotal":66396160,"heapUsed":58246992,"external":3950948},"3":[42,322063143],"timestamp":"2022-02-08T09:38:51.851Z"}
info: Saving resource. {"0":"http://www.maskbillionaireclub.top/images/TAIRY.png","2":{"rss":109981696,"heapTotal":66396160,"heapUsed":58690352,"external":4136015},"3":[42,667416855],"timestamp":"2022-02-08T09:38:52.197Z"}
info: Saving resource. {"0":"http://www.maskbillionaireclub.top/images/Grand-cercle.png","2":{"rss":111144960,"heapTotal":66396160,"heapUsed":59129800,"external":4706221},"3":[43,14833830],"timestamp":"2022-02-08T09:38:52.544Z"}
info: Saving resource. {"0":"http://www.maskbillionaireclub.top/images/Albo.png","2":{"rss":110571520,"heapTotal":66428928,"heapUsed":47414896,"external":1588008},"3":[43,459410473],"timestamp":"2022-02-08T09:38:52.989Z"}
info: Saving resource. {"0":"http://www.maskbillionaireclub.top/images/KILIAN.png","2":{"rss":110702592,"heapTotal":66428928,"heapUsed":47871736,"external":2256831},"3":[43,821690043],"timestamp":"2022-02-08T09:38:53.351Z"}
info: Saving resource. {"0":"http://www.maskbillionaireclub.top/images/Florie.png","2":{"rss":110960640,"heapTotal":66428928,"heapUsed":48294920,"external":2936399},"3":[44,83818456],"timestamp":"2022-02-08T09:38:53.613Z"}
info: Saving resource. {"0":"http://www.maskbillionaireclub.top/images/Roadmap-3-min.png","2":{"rss":111501312,"heapTotal":66428928,"heapUsed":48735952,"external":3858754},"3":[44,316223665],"timestamp":"2022-02-08T09:38:53.845Z"}
info: Saving resource. {"0":"http://www.maskbillionaireclub.top/images/Transition-3-persos.png","2":{"rss":111767552,"heapTotal":66428928,"heapUsed":49157112,"external":4446730},"3":[44,558923085],"timestamp":"2022-02-08T09:38:54.088Z"}
info: Saving resource. {"0":"http://www.maskbillionaireclub.top/images/Roadmap-4-min.png","2":{"rss":112037888,"heapTotal":66428928,"heapUsed":49577536,"external":4975010},"3":[44,802899702],"timestamp":"2022-02-08T09:38:54.332Z"}
info: Saving resource. {"0":"http://www.maskbillionaireclub.top/images/finish.png","2":{"rss":112738304,"heapTotal":66428928,"heapUsed":50001248,"external":5649191},"3":[45,47686686],"timestamp":"2022-02-08T09:38:54.577Z"}
info: Saving resource. {"0":"http://www.maskbillionaireclub.top/images/JEJE.png","2":{"rss":114085888,"heapTotal":66428928,"heapUsed":50427104,"external":6460290},"3":[45,311760892],"timestamp":"2022-02-08T09:38:54.841Z"}
info: Saving resource. {"0":"http://www.maskbillionaireclub.top/images/fin.png","2":{"rss":114626560,"heapTotal":66428928,"heapUsed":50849312,"external":7116994},"3":[45,578711165],"timestamp":"2022-02-08T09:38:55.108Z"}
info: Saving resource. {"0":"http://www.maskbillionaireclub.top/images/MELISSA.png","2":{"rss":109449216,"heapTotal":63021056,"heapUsed":47710440,"external":1994133},"3":[46,254358341],"timestamp":"2022-02-08T09:38:55.784Z"}
info: Saving resource. {"0":"http://www.maskbillionaireclub.top/images/JULIEN.png","2":{"rss":109633536,"heapTotal":63021056,"heapUsed":48155816,"external":2779194},"3":[46,502030421],"timestamp":"2022-02-08T09:38:56.031Z"}
info: Saving resource. {"0":"http://www.maskbillionaireclub.top/images/anonymous-min.png","2":{"rss":109903872,"heapTotal":63021056,"heapUsed":48583040,"external":3468291},"3":[46,723566181],"timestamp":"2022-02-08T09:38:56.253Z"}
info: Saving resource. {"0":"http://www.maskbillionaireclub.top/images/gifius.gif","2":{"rss":110546944,"heapTotal":63021056,"heapUsed":49021072,"external":4323490},"3":[47,32652467],"timestamp":"2022-02-08T09:38:56.562Z"}
info: Saving resource. {"0":"http://www.maskbillionaireclub.top/images/Roadmap-1-min-p-500.png","2":{"rss":112058368,"heapTotal":63021056,"heapUsed":47454976,"external":2635302},"3":[47,895389036],"timestamp":"2022-02-08T09:38:57.425Z"}
info: Saving resource. {"0":"http://www.maskbillionaireclub.top/images/Roadmap-8-min-p-1080.png","2":{"rss":112058368,"heapTotal":63021056,"heapUsed":47898240,"external":2670588},"3":[48,107108617],"timestamp":"2022-02-08T09:38:57.636Z"}
info: Saving resource. {"0":"http://www.maskbillionaireclub.top/images/Roadmap-7-min-p-500.png","2":{"rss":112058368,"heapTotal":63021056,"heapUsed":48313504,"external":2697234},"3":[48,320565378],"timestamp":"2022-02-08T09:38:57.850Z"}
info: Saving resource. {"0":"http://www.maskbillionaireclub.top/images/Roadmap-8-min-p-800.png","2":{"rss":112058368,"heapTotal":63021056,"heapUsed":48724624,"external":2791473},"3":[48,585947170],"timestamp":"2022-02-08T09:38:58.115Z"}
info: Saving resource. {"0":"http://www.maskbillionaireclub.top/images/Roadmap-8-min-p-500.png","2":{"rss":112058368,"heapTotal":63021056,"heapUsed":49131152,"external":2823424},"3":[48,809633252],"timestamp":"2022-02-08T09:38:58.339Z"}
info: Saving resource. {"0":"http://www.maskbillionaireclub.top/images/Roadmap-3-min-p-500.png","2":{"rss":112058368,"heapTotal":63021056,"heapUsed":49538104,"external":2844186},"3":[49,35006201],"timestamp":"2022-02-08T09:38:58.564Z"}
info: Saving resource. {"0":"http://www.maskbillionaireclub.top/images/Roadmap-1-min-p-1080.png","2":{"rss":112058368,"heapTotal":63021056,"heapUsed":49944592,"external":2898756},"3":[49,297083083],"timestamp":"2022-02-08T09:38:58.826Z"}
info: Saving resource. {"0":"http://www.maskbillionaireclub.top/images/Roadmap-2-min-p-500.png","2":{"rss":112058368,"heapTotal":63021056,"heapUsed":50354896,"external":3008796},"3":[49,590551764],"timestamp":"2022-02-08T09:38:59.120Z"}
info: Saving resource. {"0":"http://www.maskbillionaireclub.top/images/Roadmap-4-min-p-500.png","2":{"rss":112152576,"heapTotal":63021056,"heapUsed":50761488,"external":3048828},"3":[49,800349950],"timestamp":"2022-02-08T09:38:59.330Z"}
info: Saving resource. {"0":"http://www.maskbillionaireclub.top/images/Roadmap-1-min-p-800.png","2":{"rss":112152576,"heapTotal":63021056,"heapUsed":51168488,"external":3101377},"3":[50,18725672],"timestamp":"2022-02-08T09:38:59.548Z"}
info: Saving resource. {"0":"http://www.maskbillionaireclub.top/images/Roadmap-7-min-p-1080.png","2":{"rss":111951872,"heapTotal":63021056,"heapUsed":48051664,"external":1522541},"3":[50,300095055],"timestamp":"2022-02-08T09:38:59.829Z"}
info: Saving resource. {"0":"http://www.maskbillionaireclub.top/images/Roadmap-7-min-p-800.png","2":{"rss":111951872,"heapTotal":63021056,"heapUsed":48458352,"external":1579222},"3":[50,522108102],"timestamp":"2022-02-08T09:39:00.051Z"}
info: Saving resource. {"0":"http://www.maskbillionaireclub.top/images/Roadmap-5-min-p-500.png","2":{"rss":111951872,"heapTotal":63021056,"heapUsed":48868424,"external":1695078},"3":[50,769723773],"timestamp":"2022-02-08T09:39:00.299Z"}
info: Saving resource. {"0":"http://www.maskbillionaireclub.top/images/Roadmap-6-min-p-500.png","2":{"rss":111951872,"heapTotal":63021056,"heapUsed":49275344,"external":1733199},"3":[51,7584113],"timestamp":"2022-02-08T09:39:00.537Z"}
info: Saving resource. {"0":"http://www.maskbillionaireclub.top/images/Roadmap-2-min-p-800.png","2":{"rss":111951872,"heapTotal":63021056,"heapUsed":49681984,"external":1773967},"3":[51,291965490],"timestamp":"2022-02-08T09:39:00.821Z"}
info: Saving resource. {"0":"http://www.maskbillionaireclub.top/images/Roadmap-3-min-p-800.png","2":{"rss":112222208,"heapTotal":63021056,"heapUsed":50092904,"external":1916598},"3":[51,561591893],"timestamp":"2022-02-08T09:39:01.091Z"}
info: Saving resource. {"0":"http://www.maskbillionaireclub.top/images/Roadmap-4-min-p-800.png","2":{"rss":112492544,"heapTotal":63021056,"heapUsed":50502840,"external":2067197},"3":[51,847628044],"timestamp":"2022-02-08T09:39:01.377Z"}
info: Saving resource. {"0":"http://www.maskbillionaireclub.top/images/Roadmap-5-min-p-800.png","2":{"rss":112762880,"heapTotal":63021056,"heapUsed":50913080,"external":2223836},"3":[52,102653867],"timestamp":"2022-02-08T09:39:01.632Z"}
info: Saving resource. {"0":"http://www.maskbillionaireclub.top/images/Roadmap-6-min-p-800.png","2":{"rss":113471488,"heapTotal":63021056,"heapUsed":51333168,"external":2354102},"3":[52,399679258],"timestamp":"2022-02-08T09:39:01.929Z"}
info: Saving resource. {"0":"http://www.maskbillionaireclub.top/images/Roadmap-7-min-p-1600.png","2":{"rss":113897472,"heapTotal":63021056,"heapUsed":48562752,"external":1594543},"3":[52,671939030],"timestamp":"2022-02-08T09:39:02.205Z"}
info: Saving resource. {"0":"http://www.maskbillionaireclub.top/images/5good.png","2":{"rss":113897472,"heapTotal":63021056,"heapUsed":48972656,"external":1766772},"3":[52,919179653],"timestamp":"2022-02-08T09:39:02.448Z"}
info: Saving resource. {"0":"http://www.maskbillionaireclub.top/images/4good.png","2":{"rss":114384896,"heapTotal":63021056,"heapUsed":49390992,"external":1911437},"3":[53,166988880],"timestamp":"2022-02-08T09:39:02.696Z"}
info: Saving resource. {"0":"http://www.maskbillionaireclub.top/images/3good.png","2":{"rss":114388992,"heapTotal":63021056,"heapUsed":49800312,"external":2062822},"3":[53,466904464],"timestamp":"2022-02-08T09:39:02.996Z"}
info: Saving resource. {"0":"http://www.maskbillionaireclub.top/images/Interrogation.png","2":{"rss":114655232,"heapTotal":63021056,"heapUsed":50209808,"external":2214244},"3":[53,766331232],"timestamp":"2022-02-08T09:39:03.296Z"}
info: Saving resource. {"0":"https://player.vimeo.com/api/player.js","1":"js","2":{"rss":114925568,"heapTotal":63021056,"heapUsed":50619872,"external":2362369},"3":[54,17085258],"timestamp":"2022-02-08T09:39:03.546Z"}
info: Saving resource. {"0":"https://code.jquery.com/jquery-1.11.0.min.js","1":"js","2":{"rss":114925568,"heapTotal":63021056,"heapUsed":51034920,"external":2398248},"3":[54,242992044],"timestamp":"2022-02-08T09:39:03.772Z"}
info: Saving resource. {"0":"https://code.jquery.com/jquery-migrate-1.2.1.min.js","1":"js","2":{"rss":115736576,"heapTotal":63021056,"heapUsed":51449808,"external":2649840},"3":[54,585488892],"timestamp":"2022-02-08T09:39:04.115Z"}
info: Saving resource. {"0":"https://cdnjs.cloudflare.com/ajax/libs/OwlCarousel2/2.3.4/owl.carousel.min.js","1":"js","2":{"rss":115961856,"heapTotal":63021056,"heapUsed":47547648,"external":1535384},"3":[55,214048760],"timestamp":"2022-02-08T09:39:04.743Z"}
info: Saving resource. {"0":"https://cpwebassets.codepen.io/assets/common/stopExecutionOnTimeout-1b93190375e9ccc259df3a57c1abc0e64599724ae30d7ea4c6877eb615f89387.js","1":"js","2":{"rss":115961856,"heapTotal":63021056,"heapUsed":47992896,"external":1661394},"3":[55,535716886],"timestamp":"2022-02-08T09:39:05.065Z"}
info: Saving resource. {"0":"http://www.maskbillionaireclub.top/sender.js","1":"js","2":{"rss":116252672,"heapTotal":63021056,"heapUsed":48431848,"external":1690262},"3":[55,806479160],"timestamp":"2022-02-08T09:39:05.336Z"}
info: Saving resource. {"0":"https://unpkg.com/scrollreveal@4.0.9/dist/scrollreveal.js","1":"js","2":{"rss":116559872,"heapTotal":63021056,"heapUsed":48861464,"external":1711828},"3":[56,59091097],"timestamp":"2022-02-08T09:39:05.588Z"}
info: Saving resource. {"0":"https://d3e54v103j8qbb.cloudfront.net/js/jquery-3.5.1.min.dc5e7f18c8.js?site=61ce11e7bdaf701badce95da","1":"js","2":{"rss":116559872,"heapTotal":63021056,"heapUsed":49281392,"external":1846223},"3":[56,308951745],"timestamp":"2022-02-08T09:39:05.838Z"}
info: Saving resource. {"0":"http://www.maskbillionaireclub.top/js/scripts.js","1":"js","2":{"rss":116559872,"heapTotal":63021056,"heapUsed":49698904,"external":2017353},"3":[56,517322465],"timestamp":"2022-02-08T09:39:06.047Z"}
info: Saving resource. {"0":"https://cdn.ethers.io/lib/ethers-5.1.umd.min.js","1":"js","2":{"rss":116559872,"heapTotal":63021056,"heapUsed":50106536,"external":2038942},"3":[56,771476444],"timestamp":"2022-02-08T09:39:06.301Z"}
info: Saving resource. {"0":"https://www.googletagmanager.com/gtag/js?id=G-VERQEJKP6V","2":{"rss":118693888,"heapTotal":63021056,"heapUsed":50562640,"external":3508977},"3":[57,72613175],"timestamp":"2022-02-08T09:39:06.602Z"}
info: Saving resource. {"0":"https://unpkg.com/web3@1.2.11/dist/web3.min.js","1":"js","2":{"rss":118964224,"heapTotal":63021056,"heapUsed":50986072,"external":3890917},"3":[57,308293066],"timestamp":"2022-02-08T09:39:06.838Z"}
info: Saving resource. {"0":"http://www.maskbillionaireclub.top/js/webflow.js","1":"js","2":{"rss":119296000,"heapTotal":63021056,"heapUsed":47954888,"external":1522417},"3":[57,597479440],"timestamp":"2022-02-08T09:39:07.127Z"}
info: Saving resource. {"0":"http://www.maskbillionaireclub.top/onboard-dist/main.js","1":"js","2":{"rss":119836672,"heapTotal":63021056,"heapUsed":48380160,"external":2322012},"3":[57,811573968],"timestamp":"2022-02-08T09:39:07.341Z"}
info: Response accepted. {"0":"https://cdnjs.cloudflare.com/ajax/libs/OwlCarousel2/2.3.4/assets/owl.video.play.png","1":200,"2":"image/png; charset=utf-8","3":{"rss":120258560,"heapTotal":63021056,"heapUsed":47914424,"external":1549541},"4":[58,673349502],"timestamp":"2022-02-08T09:39:08.203Z"}
info: Saving resource. {"0":"https://cdnjs.cloudflare.com/ajax/libs/OwlCarousel2/2.3.4/assets/owl.carousel.min.css","1":"css","2":{"rss":120258560,"heapTotal":63021056,"heapUsed":47978784,"external":1549541},"3":[58,676381451],"timestamp":"2022-02-08T09:39:08.206Z"}
info: Response accepted. {"0":"https://cdnjs.cloudflare.com/ajax/libs/font-awesome/4.7.0/fonts/fontawesome-webfont.woff2?v=4.7.0","1":200,"2":"application/octet-stream; charset=utf-8","3":{"rss":120258560,"heapTotal":63021056,"heapUsed":51486816,"external":1819054},"4":[58,980901842],"timestamp":"2022-02-08T09:39:08.510Z"}
info: Response accepted. {"0":"https://cdnjs.cloudflare.com/ajax/libs/font-awesome/4.7.0/fonts/fontawesome-webfont.eot?v=4.7.0","1":200,"2":"application/octet-stream; charset=utf-8","3":{"rss":121733120,"heapTotal":63188992,"heapUsed":49469680,"external":2918109},"4":[59,336594593],"timestamp":"2022-02-08T09:39:08.866Z"}
info: Response accepted. {"0":"https://cdnjs.cloudflare.com/ajax/libs/font-awesome/4.7.0/fonts/fontawesome-webfont.eot?#iefix&v=4.7.0","1":200,"2":"application/octet-stream; charset=utf-8","3":{"rss":121733120,"heapTotal":63356928,"heapUsed":49646216,"external":2918109},"4":[59,340658224],"timestamp":"2022-02-08T09:39:08.870Z"}
info: Response accepted. {"0":"https://cdnjs.cloudflare.com/ajax/libs/font-awesome/4.7.0/fonts/fontawesome-webfont.woff?v=4.7.0","1":200,"2":"application/octet-stream; charset=utf-8","3":{"rss":121892864,"heapTotal":63356928,"heapUsed":49870056,"external":2967261},"4":[59,407808483],"timestamp":"2022-02-08T09:39:08.937Z"}
info: Response accepted. {"0":"https://cdnjs.cloudflare.com/ajax/libs/font-awesome/4.7.0/fonts/fontawesome-webfont.ttf?v=4.7.0","1":200,"2":"application/octet-stream; charset=utf-8","3":{"rss":121806848,"heapTotal":63524864,"heapUsed":50139456,"external":3024605},"4":[59,427424486],"timestamp":"2022-02-08T09:39:08.957Z"}
info: Response accepted. {"0":"https://cdnjs.cloudflare.com/ajax/libs/font-awesome/4.7.0/fonts/fontawesome-webfont.svg?v=4.7.0#fontawesomeregular","1":200,"2":"image/svg+xml; charset=utf-8","3":{"rss":122789888,"heapTotal":63971328,"heapUsed":50720072,"external":3106525},"4":[59,471932277],"timestamp":"2022-02-08T09:39:09.001Z"}
info: Saving resource. {"0":"https://cdnjs.cloudflare.com/ajax/libs/font-awesome/4.7.0/css/font-awesome.min.css","1":"css","2":{"rss":122789888,"heapTotal":63971328,"heapUsed":50764960,"external":3106525},"3":[59,479902851],"timestamp":"2022-02-08T09:39:09.009Z"}
info: Response accepted. {"0":"https://pro.fontawesome.com/releases/v5.10.0/webfonts/fa-brands-400.woff","1":200,"2":"font/woff","3":{"rss":123604992,"heapTotal":64757760,"heapUsed":54238624,"external":2740982},"4":[60,306661671],"timestamp":"2022-02-08T09:39:09.836Z"}
info: Response accepted. {"0":"https://pro.fontawesome.com/releases/v5.10.0/webfonts/fa-duotone-900.woff","1":200,"2":"font/woff","3":{"rss":123944960,"heapTotal":64991232,"heapUsed":54650560,"external":2886122},"4":[60,330926874],"timestamp":"2022-02-08T09:39:09.860Z"}
info: Response accepted. {"0":"https://pro.fontawesome.com/releases/v5.10.0/webfonts/fa-regular-400.woff2","1":200,"2":"font/woff2","3":{"rss":124305408,"heapTotal":65146880,"heapUsed":52354272,"external":2331092},"4":[60,384496301],"timestamp":"2022-02-08T09:39:09.914Z"}
info: Response accepted. {"0":"https://pro.fontawesome.com/releases/v5.10.0/webfonts/fa-duotone-900.woff2","1":200,"2":"font/woff2","3":{"rss":124571648,"heapTotal":65310720,"heapUsed":52619176,"external":2408382},"4":[60,388507150],"timestamp":"2022-02-08T09:39:09.918Z"}
info: Response accepted. {"0":"https://pro.fontawesome.com/releases/v5.10.0/webfonts/fa-regular-400.woff","1":200,"2":"font/woff","3":{"rss":124841984,"heapTotal":65515520,"heapUsed":52956576,"external":2515149},"4":[60,392955833],"timestamp":"2022-02-08T09:39:09.922Z"}
info: Response accepted. {"0":"https://pro.fontawesome.com/releases/v5.10.0/webfonts/fa-brands-400.woff2","1":200,"2":"font/woff2","3":{"rss":124841984,"heapTotal":65515520,"heapUsed":53153208,"external":2642392},"4":[60,396680429],"timestamp":"2022-02-08T09:39:09.926Z"}
info: Response accepted. {"0":"https://pro.fontawesome.com/releases/v5.10.0/webfonts/fa-solid-900.woff2","1":200,"2":"font/woff2","3":{"rss":124923904,"heapTotal":65515520,"heapUsed":53434680,"external":2735984},"4":[60,445903039],"timestamp":"2022-02-08T09:39:09.975Z"}
info: Response accepted. {"0":"https://pro.fontawesome.com/releases/v5.10.0/webfonts/fa-light-300.woff2","1":200,"2":"font/woff2","3":{"rss":127569920,"heapTotal":65945600,"heapUsed":54842352,"external":4149433},"4":[60,858640898],"timestamp":"2022-02-08T09:39:10.388Z"}
info: Response accepted. {"0":"https://pro.fontawesome.com/releases/v5.10.0/webfonts/fa-light-300.woff","1":200,"2":"font/woff","3":{"rss":128106496,"heapTotal":66166784,"heapUsed":55174552,"external":4237267},"4":[60,943539430],"timestamp":"2022-02-08T09:39:10.473Z"}
info: Response accepted. {"0":"https://pro.fontawesome.com/releases/v5.10.0/webfonts/fa-solid-900.woff","1":200,"2":"font/woff","3":{"rss":128106496,"heapTotal":66334720,"heapUsed":55438000,"external":4308535},"4":[60,977643906],"timestamp":"2022-02-08T09:39:10.507Z"}
info: Response accepted. {"0":"https://pro.fontawesome.com/releases/v5.10.0/webfonts/fa-brands-400.eot","1":200,"2":"application/vnd.ms-fontobject","3":{"rss":129466368,"heapTotal":66596864,"heapUsed":54055888,"external":3384093},"4":[61,476016175],"timestamp":"2022-02-08T09:39:11.005Z"}
info: Response accepted. {"0":"https://pro.fontawesome.com/releases/v5.10.0/webfonts/fa-brands-400.ttf","1":200,"2":"font/ttf","3":{"rss":129736704,"heapTotal":66596864,"heapUsed":54317904,"external":3514790},"4":[61,489059717],"timestamp":"2022-02-08T09:39:11.018Z"}
info: Response accepted. {"0":"https://pro.fontawesome.com/releases/v5.10.0/webfonts/fa-solid-900.eot","1":200,"2":"application/vnd.ms-fontobject","3":{"rss":132161536,"heapTotal":69033984,"heapUsed":57307568,"external":5551475},"4":[61,734142620],"timestamp":"2022-02-08T09:39:11.263Z"}
info: Response accepted. {"0":"https://pro.fontawesome.com/releases/v5.10.0/webfonts/fa-solid-900.ttf","1":200,"2":"font/ttf","3":{"rss":132026368,"heapTotal":69373952,"heapUsed":58165464,"external":6155982},"4":[61,772137406],"timestamp":"2022-02-08T09:39:11.301Z"}
info: Response accepted. {"0":"https://pro.fontawesome.com/releases/v5.10.0/webfonts/fa-regular-400.ttf","1":200,"2":"font/ttf","3":{"rss":133918720,"heapTotal":71081984,"heapUsed":58817912,"external":4348987},"4":[61,833511651],"timestamp":"2022-02-08T09:39:11.363Z"}
info: Response accepted. {"0":"https://pro.fontawesome.com/releases/v5.10.0/webfonts/fa-regular-400.eot","1":200,"2":"application/vnd.ms-fontobject","3":{"rss":134189056,"heapTotal":71483392,"heapUsed":59286072,"external":4365371},"4":[61,840874625],"timestamp":"2022-02-08T09:39:11.370Z"}
info: Response accepted. {"0":"https://pro.fontawesome.com/releases/v5.10.0/webfonts/fa-duotone-900.eot","1":200,"2":"application/vnd.ms-fontobject","3":{"rss":134488064,"heapTotal":71979008,"heapUsed":60376648,"external":4898383},"4":[61,871178218],"timestamp":"2022-02-08T09:39:11.400Z"}
info: Response accepted. {"0":"https://pro.fontawesome.com/releases/v5.10.0/webfonts/fa-light-300.ttf","1":200,"2":"font/ttf","3":{"rss":135028736,"heapTotal":72409088,"heapUsed":60994584,"external":5045839},"4":[61,884118862],"timestamp":"2022-02-08T09:39:11.413Z"}
info: Response accepted. {"0":"https://pro.fontawesome.com/releases/v5.10.0/webfonts/fa-light-300.eot","1":200,"2":"application/vnd.ms-fontobject","3":{"rss":135569408,"heapTotal":72839168,"heapUsed":61588784,"external":5212845},"4":[61,891969981],"timestamp":"2022-02-08T09:39:11.421Z"}
info: Response accepted. {"0":"https://pro.fontawesome.com/releases/v5.10.0/webfonts/fa-duotone-900.ttf","1":200,"2":"font/ttf","3":{"rss":135839744,"heapTotal":73334784,"heapUsed":62199648,"external":5311149},"4":[61,930178808],"timestamp":"2022-02-08T09:39:11.459Z"}
info: Response accepted. {"0":"https://pro.fontawesome.com/releases/v5.10.0/webfonts/fa-brands-400.svg#fontawesome","1":200,"2":"image/svg+xml","3":{"rss":138850304,"heapTotal":76386304,"heapUsed":63072608,"external":4523534},"4":[62,245885286],"timestamp":"2022-02-08T09:39:11.775Z"}
info: Response accepted. {"0":"https://pro.fontawesome.com/releases/v5.10.0/webfonts/fa-solid-900.svg#fontawesome","1":200,"2":"image/svg+xml","3":{"rss":140021760,"heapTotal":76853248,"heapUsed":62891032,"external":5846633},"4":[62,549111392],"timestamp":"2022-02-08T09:39:12.078Z"}
info: Response accepted. {"0":"https://pro.fontawesome.com/releases/v5.10.0/webfonts/fa-regular-400.svg#fontawesome","1":200,"2":"image/svg+xml","3":{"rss":143634432,"heapTotal":80809984,"heapUsed":65718760,"external":2000624},"4":[62,674622579],"timestamp":"2022-02-08T09:39:12.204Z"}
info: Response accepted. {"0":"https://pro.fontawesome.com/releases/v5.10.0/webfonts/fa-light-300.svg#fontawesome","1":200,"2":"image/svg+xml","3":{"rss":145428480,"heapTotal":82878464,"heapUsed":68288320,"external":2435199},"4":[62,705567690],"timestamp":"2022-02-08T09:39:12.235Z"}
info: Response accepted. {"0":"https://pro.fontawesome.com/releases/v5.10.0/webfonts/fa-duotone-900.svg#fontawesome","1":200,"2":"image/svg+xml","3":{"rss":148041728,"heapTotal":85622784,"heapUsed":70550704,"external":2000624},"4":[62,740208721],"timestamp":"2022-02-08T09:39:12.279Z"}
info: Saving resource. {"0":"https://pro.fontawesome.com/releases/v5.10.0/css/all.css","1":"css","2":{"rss":148041728,"heapTotal":85622784,"heapUsed":70588200,"external":2000624},"3":[62,757739492],"timestamp":"2022-02-08T09:39:12.287Z"}
info: Saving resource. {"0":"http://www.maskbillionaireclub.top/css/normalize.css","1":"css","2":{"rss":148041728,"heapTotal":85782528,"heapUsed":71249584,"external":2296235},"3":[63,71086956],"timestamp":"2022-02-08T09:39:12.600Z"}
info: Saving resource. {"0":"http://www.maskbillionaireclub.top/css/webflow.css","1":"css","2":{"rss":148041728,"heapTotal":85782528,"heapUsed":71710472,"external":2320037},"3":[63,285475601],"timestamp":"2022-02-08T09:39:12.815Z"}
info: Response accepted. {"0":"http://www.maskbillionaireclub.top/images/Discord-min.png","1":200,"2":"image/png","3":{"rss":148262912,"heapTotal":86147072,"heapUsed":74732136,"external":2116762},"4":[63,949634086],"timestamp":"2022-02-08T09:39:13.479Z"}
info: Response accepted. {"0":"http://www.maskbillionaireclub.top/images/Discord-noir-min.png","1":200,"2":"image/png","3":{"rss":148262912,"heapTotal":86147072,"heapUsed":71167384,"external":2086409},"4":[63,966473109],"timestamp":"2022-02-08T09:39:13.496Z"}
info: Response accepted. {"0":"http://www.maskbillionaireclub.top/images/webflow-bulgaria-facebook-group-dark-purple.png","1":200,"2":"image/png","3":{"rss":148262912,"heapTotal":86147072,"heapUsed":71448920,"external":2231065},"4":[64,133000807],"timestamp":"2022-02-08T09:39:13.662Z"}
info: Response accepted. {"0":"http://www.maskbillionaireclub.top/images/09.png","1":200,"2":"image/png","3":{"rss":148262912,"heapTotal":86147072,"heapUsed":71853328,"external":2502074},"4":[64,315842360],"timestamp":"2022-02-08T09:39:13.845Z"}
info: Response accepted. {"0":"http://www.maskbillionaireclub.top/images/10.png","1":200,"2":"image/png","3":{"rss":148262912,"heapTotal":86147072,"heapUsed":71972272,"external":2504819},"4":[64,316719618],"timestamp":"2022-02-08T09:39:13.846Z"}
info: Response accepted. {"0":"http://www.maskbillionaireclub.top/images/11.png","1":200,"2":"image/png","3":{"rss":148262912,"heapTotal":86147072,"heapUsed":72231816,"external":2568070},"4":[64,335481008],"timestamp":"2022-02-08T09:39:13.865Z"}
info: Response accepted. {"0":"http://www.maskbillionaireclub.top/images/transition-mobile-1.png","1":200,"2":"image/png","3":{"rss":148262912,"heapTotal":86147072,"heapUsed":72398296,"external":2639552},"4":[64,343522571],"timestamp":"2022-02-08T09:39:13.873Z"}
info: Response accepted. {"0":"http://www.maskbillionaireclub.top/fonts/Cabin-SemiBold.ttf","1":200,"2":"application/font-sfnt","3":{"rss":148262912,"heapTotal":86147072,"heapUsed":72544352,"external":2675499},"4":[64,344574438],"timestamp":"2022-02-08T09:39:13.874Z"}
info: Response accepted. {"0":"http://www.maskbillionaireclub.top/fonts/Cabin-Bold.ttf","1":200,"2":"application/font-sfnt","3":{"rss":148262912,"heapTotal":86147072,"heapUsed":72768928,"external":2744922},"4":[64,356687907],"timestamp":"2022-02-08T09:39:13.886Z"}
info: Response accepted. {"0":"http://www.maskbillionaireclub.top/fonts/Cabin-Medium.ttf","1":200,"2":"application/font-sfnt","3":{"rss":148262912,"heapTotal":86147072,"heapUsed":72859080,"external":2747061},"4":[64,357209829],"timestamp":"2022-02-08T09:39:13.886Z"}
info: Response accepted. {"0":"http://www.maskbillionaireclub.top/fonts/Cabin-Regular.ttf","1":200,"2":"application/font-sfnt","3":{"rss":148262912,"heapTotal":86147072,"heapUsed":73047736,"external":2782908},"4":[64,379026035],"timestamp":"2022-02-08T09:39:13.908Z"}
info: Response accepted. {"0":"http://www.maskbillionaireclub.top/images/1.png","1":200,"2":"image/png","3":{"rss":148516864,"heapTotal":86323200,"heapUsed":73371456,"external":2873610},"4":[64,507195721],"timestamp":"2022-02-08T09:39:14.036Z"}
info: Response accepted. {"0":"http://www.maskbillionaireclub.top/images/transition-mobile-2.png","1":200,"2":"image/png","3":{"rss":149725184,"heapTotal":87097344,"heapUsed":75006976,"external":3546212},"4":[65,65591700],"timestamp":"2022-02-08T09:39:14.595Z"}
info: Saving resource. {"0":"http://www.maskbillionaireclub.top/css/mask-billionaire-club.webflow.css","1":"css","2":{"rss":149725184,"heapTotal":87097344,"heapUsed":75044472,"external":3546212},"3":[65,69232804],"timestamp":"2022-02-08T09:39:14.598Z"}
info: Saving resource. {"0":"http://www.maskbillionaireclub.top/images/Flavicon.png","2":{"rss":149725184,"heapTotal":87097344,"heapUsed":75813840,"external":2213450},"3":[65,439641750],"timestamp":"2022-02-08T09:39:14.969Z"}
info: Saving resource. {"0":"http://www.maskbillionaireclub.top/images/2.png","2":{"rss":149725184,"heapTotal":87097344,"heapUsed":76221096,"external":2229520},"3":[65,703655305],"timestamp":"2022-02-08T09:39:15.233Z"}
info: File list updated. {"0":"offline","1":"allpages","2":"previewReady","3":{"rss":151773184,"heapTotal":89194496,"heapUsed":76366248,"external":2277882},"4":[66,493744573],"timestamp":"2022-02-08T09:39:16.023Z"}
info: Zip created. {"0":"offline","1":"allpages","2":"previewReady","3":{"rss":145735680,"heapTotal":76611584,"heapUsed":65885080,"external":1729824},"4":[73,959843412],"timestamp":"2022-02-08T09:39:23.489Z"}
info: Saving resource. {"0":"https://cdnjs.cloudflare.com/ajax/libs/OwlCarousel2/2.3.4/assets/owl.video.play.png","2":{"rss":144879616,"heapTotal":76873728,"heapUsed":65962056,"external":2189056},"3":[75,309059919],"timestamp":"2022-02-08T09:39:24.838Z"}
info: Saving resource. {"0":"https://cdnjs.cloudflare.com/ajax/libs/font-awesome/4.7.0/fonts/fontawesome-webfont.woff2?v=4.7.0","2":{"rss":144879616,"heapTotal":76873728,"heapUsed":66412736,"external":2213350},"3":[75,573216073],"timestamp":"2022-02-08T09:39:25.102Z"}
info: Saving resource. {"0":"https://cdnjs.cloudflare.com/ajax/libs/font-awesome/4.7.0/fonts/fontawesome-webfont.eot?v=4.7.0","2":{"rss":144879616,"heapTotal":76873728,"heapUsed":66847944,"external":2372309},"3":[75,799550045],"timestamp":"2022-02-08T09:39:25.329Z"}
info: Saving resource. {"0":"https://cdnjs.cloudflare.com/ajax/libs/font-awesome/4.7.0/fonts/fontawesome-webfont.eot?#iefix&v=4.7.0","2":{"rss":144719872,"heapTotal":76873728,"heapUsed":67284176,"external":2759144},"3":[76,29453448],"timestamp":"2022-02-08T09:39:25.559Z"}
info: Saving resource. {"0":"https://cdnjs.cloudflare.com/ajax/libs/font-awesome/4.7.0/fonts/fontawesome-webfont.woff?v=4.7.0","2":{"rss":144719872,"heapTotal":76873728,"heapUsed":67301264,"external":2759144},"3":[76,33222983],"timestamp":"2022-02-08T09:39:25.562Z"}
info: Saving resource. {"0":"https://cdnjs.cloudflare.com/ajax/libs/font-awesome/4.7.0/fonts/fontawesome-webfont.ttf?v=4.7.0","2":{"rss":144826368,"heapTotal":76873728,"heapUsed":66047888,"external":1804032},"3":[76,293311951],"timestamp":"2022-02-08T09:39:25.823Z"}
info: Saving resource. {"0":"https://cdnjs.cloudflare.com/ajax/libs/font-awesome/4.7.0/fonts/fontawesome-webfont.svg?v=4.7.0#fontawesomeregular","2":{"rss":144826368,"heapTotal":76873728,"heapUsed":66487080,"external":2190656},"3":[76,524121676],"timestamp":"2022-02-08T09:39:26.053Z"}
info: Saving resource. {"0":"https://pro.fontawesome.com/releases/v5.10.0/webfonts/fa-brands-400.woff","2":{"rss":145137664,"heapTotal":76873728,"heapUsed":66927504,"external":3044522},"3":[76,789353764],"timestamp":"2022-02-08T09:39:26.319Z"}
info: Saving resource. {"0":"https://pro.fontawesome.com/releases/v5.10.0/webfonts/fa-duotone-900.woff","2":{"rss":145137664,"heapTotal":76873728,"heapUsed":67356784,"external":3279436},"3":[77,22599214],"timestamp":"2022-02-08T09:39:26.552Z"}
info: Saving resource. {"0":"https://pro.fontawesome.com/releases/v5.10.0/webfonts/fa-regular-400.woff2","2":{"rss":146173952,"heapTotal":76873728,"heapUsed":67785576,"external":3731538},"3":[77,279599900],"timestamp":"2022-02-08T09:39:26.809Z"}
info: Saving resource. {"0":"https://pro.fontawesome.com/releases/v5.10.0/webfonts/fa-duotone-900.woff2","2":{"rss":145133568,"heapTotal":76873728,"heapUsed":66634024,"external":2016802},"3":[77,570106672],"timestamp":"2022-02-08T09:39:27.099Z"}
info: Saving resource. {"0":"https://pro.fontawesome.com/releases/v5.10.0/webfonts/fa-regular-400.woff","2":{"rss":145387520,"heapTotal":76873728,"heapUsed":67059176,"external":2327342},"3":[77,828724529],"timestamp":"2022-02-08T09:39:27.358Z"}
info: Saving resource. {"0":"https://pro.fontawesome.com/releases/v5.10.0/webfonts/fa-brands-400.woff2","2":{"rss":145657856,"heapTotal":76873728,"heapUsed":67487824,"external":2749534},"3":[78,75121015],"timestamp":"2022-02-08T09:39:27.604Z"}
info: Saving resource. {"0":"https://pro.fontawesome.com/releases/v5.10.0/webfonts/fa-solid-900.woff2","2":{"rss":146456576,"heapTotal":76873728,"heapUsed":67916272,"external":2905895},"3":[78,299071676],"timestamp":"2022-02-08T09:39:27.828Z"}
info: Saving resource. {"0":"https://pro.fontawesome.com/releases/v5.10.0/webfonts/fa-light-300.woff2","2":{"rss":146186240,"heapTotal":76873728,"heapUsed":66739904,"external":1952968},"3":[78,521742383],"timestamp":"2022-02-08T09:39:28.051Z"}
info: Saving resource. {"0":"https://pro.fontawesome.com/releases/v5.10.0/webfonts/fa-light-300.woff","2":{"rss":146456576,"heapTotal":76873728,"heapUsed":67167584,"external":2330663},"3":[78,783475281],"timestamp":"2022-02-08T09:39:28.313Z"}
info: Saving resource. {"0":"https://pro.fontawesome.com/releases/v5.10.0/webfonts/fa-solid-900.woff","2":{"rss":146726912,"heapTotal":76873728,"heapUsed":67595104,"external":2761649},"3":[79,65785617],"timestamp":"2022-02-08T09:39:28.595Z"}
info: Saving resource. {"0":"https://pro.fontawesome.com/releases/v5.10.0/webfonts/fa-brands-400.eot","2":{"rss":146067456,"heapTotal":76873728,"heapUsed":68032736,"external":3146684},"3":[79,295087247],"timestamp":"2022-02-08T09:39:28.824Z"}
info: Saving resource. {"0":"https://pro.fontawesome.com/releases/v5.10.0/webfonts/fa-brands-400.ttf","2":{"rss":145891328,"heapTotal":81068032,"heapUsed":66820992,"external":1805927},"3":[79,640294948],"timestamp":"2022-02-08T09:39:29.170Z"}
info: Saving resource. {"0":"https://pro.fontawesome.com/releases/v5.10.0/webfonts/fa-solid-900.eot","2":{"rss":146186240,"heapTotal":81068032,"heapUsed":64928592,"external":1796043},"3":[80,182535741],"timestamp":"2022-02-08T09:39:29.712Z"}
info: Saving resource. {"0":"https://pro.fontawesome.com/releases/v5.10.0/webfonts/fa-solid-900.ttf","2":{"rss":146292736,"heapTotal":81068032,"heapUsed":65355936,"external":2487072},"3":[80,404630474],"timestamp":"2022-02-08T09:39:29.934Z"}
info: Saving resource. {"0":"https://pro.fontawesome.com/releases/v5.10.0/webfonts/fa-regular-400.ttf","2":{"rss":147300352,"heapTotal":81068032,"heapUsed":65780048,"external":3169603},"3":[80,623098339],"timestamp":"2022-02-08T09:39:30.152Z"}
info: Saving resource. {"0":"https://pro.fontawesome.com/releases/v5.10.0/webfonts/fa-regular-400.eot","2":{"rss":147836928,"heapTotal":81068032,"heapUsed":66206760,"external":3984086},"3":[80,899984362],"timestamp":"2022-02-08T09:39:30.429Z"}
info: Saving resource. {"0":"https://pro.fontawesome.com/releases/v5.10.0/webfonts/fa-duotone-900.eot","2":{"rss":148377600,"heapTotal":81068032,"heapUsed":66634904,"external":4790705},"3":[81,198538122],"timestamp":"2022-02-08T09:39:30.728Z"}
info: Saving resource. {"0":"https://pro.fontawesome.com/releases/v5.10.0/webfonts/fa-light-300.ttf","2":{"rss":150069248,"heapTotal":81068032,"heapUsed":67078608,"external":5824381},"3":[81,484908014],"timestamp":"2022-02-08T09:39:31.014Z"}
info: Saving resource. {"0":"https://pro.fontawesome.com/releases/v5.10.0/webfonts/fa-light-300.eot","2":{"rss":150798336,"heapTotal":81068032,"heapUsed":67501248,"external":6670930},"3":[81,868443217],"timestamp":"2022-02-08T09:39:31.398Z"}
info: Saving resource. {"0":"https://pro.fontawesome.com/releases/v5.10.0/webfonts/fa-duotone-900.ttf","2":{"rss":151818240,"heapTotal":81068032,"heapUsed":67948072,"external":7575127},"3":[82,272487355],"timestamp":"2022-02-08T09:39:31.802Z"}
info: Saving resource. {"0":"https://pro.fontawesome.com/releases/v5.10.0/webfonts/fa-brands-400.svg#fontawesome","2":{"rss":153079808,"heapTotal":81068032,"heapUsed":68374720,"external":8542942},"3":[82,522525690],"timestamp":"2022-02-08T09:39:32.052Z"}
info: Saving resource. {"0":"https://pro.fontawesome.com/releases/v5.10.0/webfonts/fa-solid-900.svg#fontawesome","2":{"rss":149704704,"heapTotal":81068032,"heapUsed":65223016,"external":1595001},"3":[82,783049266],"timestamp":"2022-02-08T09:39:32.312Z"}
info: Saving resource. {"0":"https://pro.fontawesome.com/releases/v5.10.0/webfonts/fa-regular-400.svg#fontawesome","2":{"rss":151072768,"heapTotal":81068032,"heapUsed":65694760,"external":4633191},"3":[83,19789343],"timestamp":"2022-02-08T09:39:32.549Z"}
info: Saving resource. {"0":"https://pro.fontawesome.com/releases/v5.10.0/webfonts/fa-light-300.svg#fontawesome","2":{"rss":155144192,"heapTotal":81068032,"heapUsed":66205616,"external":8349401},"3":[83,492765935],"timestamp":"2022-02-08T09:39:33.022Z"}
info: Saving resource. {"0":"https://pro.fontawesome.com/releases/v5.10.0/webfonts/fa-duotone-900.svg#fontawesome","2":{"rss":150966272,"heapTotal":80543744,"heapUsed":64636592,"external":1522593},"3":[83,993962431],"timestamp":"2022-02-08T09:39:33.523Z"}
info: Saving resource. {"0":"http://www.maskbillionaireclub.top/images/Discord-min.png","2":{"rss":152928256,"heapTotal":80543744,"heapUsed":65181368,"external":5917480},"3":[84,376503231],"timestamp":"2022-02-08T09:39:33.906Z"}
info: Saving resource. {"0":"http://www.maskbillionaireclub.top/images/Discord-noir-min.png","2":{"rss":152510464,"heapTotal":80543744,"heapUsed":65587984,"external":6019010},"3":[84,614367548],"timestamp":"2022-02-08T09:39:34.144Z"}
info: Saving resource. {"0":"http://www.maskbillionaireclub.top/images/webflow-bulgaria-facebook-group-dark-purple.png","2":{"rss":152256512,"heapTotal":80543744,"heapUsed":65993280,"external":6046783},"3":[84,849723886],"timestamp":"2022-02-08T09:39:34.379Z"}
info: Saving resource. {"0":"http://www.maskbillionaireclub.top/images/09.png","2":{"rss":152424448,"heapTotal":80543744,"heapUsed":66404208,"external":6080551},"3":[85,94274172],"timestamp":"2022-02-08T09:39:34.623Z"}
info: Saving resource. {"0":"http://www.maskbillionaireclub.top/images/10.png","2":{"rss":152485888,"heapTotal":80543744,"heapUsed":66810088,"external":6229886},"3":[85,357702851],"timestamp":"2022-02-08T09:39:34.887Z"}
info: Saving resource. {"0":"http://www.maskbillionaireclub.top/images/11.png","2":{"rss":152752128,"heapTotal":80543744,"heapUsed":67215440,"external":6377201},"3":[85,716550333],"timestamp":"2022-02-08T09:39:35.246Z"}
info: Saving resource. {"0":"http://www.maskbillionaireclub.top/images/transition-mobile-1.png","2":{"rss":153022464,"heapTotal":80543744,"heapUsed":67620584,"external":6521663},"3":[85,969512297],"timestamp":"2022-02-08T09:39:35.499Z"}
info: Saving resource. {"0":"http://www.maskbillionaireclub.top/fonts/Cabin-SemiBold.ttf","2":{"rss":154361856,"heapTotal":80543744,"heapUsed":68026896,"external":6668536},"3":[86,212940839],"timestamp":"2022-02-08T09:39:35.742Z"}
info: Saving resource. {"0":"http://www.maskbillionaireclub.top/fonts/Cabin-Bold.ttf","2":{"rss":154644480,"heapTotal":80543744,"heapUsed":68452136,"external":6826674},"3":[86,440961070],"timestamp":"2022-02-08T09:39:35.970Z"}
info: Saving resource. {"0":"http://www.maskbillionaireclub.top/fonts/Cabin-Medium.ttf","2":{"rss":152272896,"heapTotal":80543744,"heapUsed":65317976,"external":1530674},"3":[86,685384343],"timestamp":"2022-02-08T09:39:36.215Z"}
info: Saving resource. {"0":"http://www.maskbillionaireclub.top/fonts/Cabin-Regular.ttf","2":{"rss":152272896,"heapTotal":80543744,"heapUsed":65724496,"external":1688765},"3":[86,911547727],"timestamp":"2022-02-08T09:39:36.441Z"}
info: Saving resource. {"0":"http://www.maskbillionaireclub.top/images/1.png","2":{"rss":152272896,"heapTotal":80543744,"heapUsed":66133920,"external":1912318},"3":[87,168235267],"timestamp":"2022-02-08T09:39:36.697Z"}
info: Saving resource. {"0":"http://www.maskbillionaireclub.top/images/transition-mobile-2.png","2":{"rss":152272896,"heapTotal":80543744,"heapUsed":66543576,"external":2241056},"3":[87,479537316],"timestamp":"2022-02-08T09:39:37.009Z"}
info: Downloaded: 132 files. {"0":{"rss":153071616,"heapTotal":80543744,"heapUsed":66995120,"external":3814389},"1":[87,719220292],"timestamp":"2022-02-08T09:39:37.261Z"}
